<?xml version="1.0" encoding="UTF-8"?>
<testsuite xmlns:xsi="http://www.w3.org/2001/XMLSchema-instance" xsi:noNamespaceSchemaLocation="https://maven.apache.org/surefire/maven-surefire-plugin/xsd/surefire-test-report.xsd" name="src.AppTest" time="0.081" tests="1" errors="0" skipped="0" failures="0">
  <properties>
    <property name="java.specification.version" value="19"/>
    <property name="sun.cpu.isalist" value="amd64"/>
    <property name="sun.jnu.encoding" value="Cp1252"/>
    <property name="java.class.path" value="C:\Users\Abeld\Desktop\finaLP\target\test-classes;C:\Users\Abeld\Desktop\finaLP\target\classes;C:\Users\Abeld\.m2\repository\junit\junit\4.11\junit-4.11.jar;C:\Users\Abeld\.m2\repository\org\hamcrest\hamcrest-core\1.3\hamcrest-core-1.3.jar;C:\Users\Abeld\.m2\repository\com\formdev\flatlaf\2.6\flatlaf-2.6.jar;C:\Users\Abeld\.m2\repository\com\formdev\flatlaf-intellij-themes\2.6\flatlaf-intellij-themes-2.6.jar;C:\Users\Abeld\.m2\repository\com\itextpdf\barcodes\7.2.4\barcodes-7.2.4.jar;C:\Users\Abeld\.m2\repository\org\slf4j\slf4j-api\1.7.36\slf4j-api-1.7.36.jar;C:\Users\Abeld\.m2\repository\com\itextpdf\font-asian\7.2.4\font-asian-7.2.4.jar;C:\Users\Abeld\.m2\repository\com\itextpdf\forms\7.2.4\forms-7.2.4.jar;C:\Users\Abeld\.m2\repository\com\itextpdf\hyph\7.2.4\hyph-7.2.4.jar;C:\Users\Abeld\.m2\repository\com\itextpdf\io\7.2.4\io-7.2.4.jar;C:\Users\Abeld\.m2\repository\com\itextpdf\commons\7.2.4\commons-7.2.4.jar;C:\Users\Abeld\.m2\repository\com\itextpdf\kernel\7.2.4\kernel-7.2.4.jar;C:\Users\Abeld\.m2\repository\org\bouncycastle\bcpkix-jdk15on\1.70\bcpkix-jdk15on-1.70.jar;C:\Users\Abeld\.m2\repository\org\bouncycastle\bcutil-jdk15on\1.70\bcutil-jdk15on-1.70.jar;C:\Users\Abeld\.m2\repository\org\bouncycastle\bcprov-jdk15on\1.70\bcprov-jdk15on-1.70.jar;C:\Users\Abeld\.m2\repository\com\itextpdf\layout\7.2.4\layout-7.2.4.jar;C:\Users\Abeld\.m2\repository\com\itextpdf\pdfa\7.2.4\pdfa-7.2.4.jar;C:\Users\Abeld\.m2\repository\com\itextpdf\sign\7.2.4\sign-7.2.4.jar;C:\Users\Abeld\.m2\repository\com\itextpdf\styled-xml-parser\7.2.4\styled-xml-parser-7.2.4.jar;C:\Users\Abeld\.m2\repository\com\itextpdf\svg\7.2.4\svg-7.2.4.jar;C:\Users\Abeld\.m2\repository\org\xerial\sqlite-jdbc\3.39.2.0\sqlite-jdbc-3.39.2.0.jar;"/>
    <property name="java.vm.vendor" value="Oracle Corporation"/>
    <property name="sun.arch.data.model" value="64"/>
    <property name="user.variant" value=""/>
    <property name="java.vendor.url" value="https://java.oracle.com/"/>
    <property name="user.timezone" value="America/Asuncion"/>
    <property name="os.name" value="Windows 10"/>
    <property name="java.vm.specification.version" value="19"/>
    <property name="user.country" value="PY"/>
    <property name="sun.java.launcher" value="SUN_STANDARD"/>
    <property name="sun.boot.library.path" value="C:\Program Files\Java\jdk-19\bin"/>
    <property name="sun.java.command" value="C:\Users\Abeld\AppData\Local\Temp\surefire11113415042600534909\surefirebooter11437759063738219589.jar C:\Users\Abeld\AppData\Local\Temp\surefire11113415042600534909 2022-11-17T12-07-25_397-jvmRun1 surefire712887677996836464tmp surefire_09857734614271979088tmp"/>
    <property name="jdk.debug" value="release"/>
    <property name="surefire.test.class.path" value="C:\Users\Abeld\Desktop\finaLP\target\test-classes;C:\Users\Abeld\Desktop\finaLP\target\classes;C:\Users\Abeld\.m2\repository\junit\junit\4.11\junit-4.11.jar;C:\Users\Abeld\.m2\repository\org\hamcrest\hamcrest-core\1.3\hamcrest-core-1.3.jar;C:\Users\Abeld\.m2\repository\com\formdev\flatlaf\2.6\flatlaf-2.6.jar;C:\Users\Abeld\.m2\repository\com\formdev\flatlaf-intellij-themes\2.6\flatlaf-intellij-themes-2.6.jar;C:\Users\Abeld\.m2\repository\com\itextpdf\barcodes\7.2.4\barcodes-7.2.4.jar;C:\Users\Abeld\.m2\repository\org\slf4j\slf4j-api\1.7.36\slf4j-api-1.7.36.jar;C:\Users\Abeld\.m2\repository\com\itextpdf\font-asian\7.2.4\font-asian-7.2.4.jar;C:\Users\Abeld\.m2\repository\com\itextpdf\forms\7.2.4\forms-7.2.4.jar;C:\Users\Abeld\.m2\repository\com\itextpdf\hyph\7.2.4\hyph-7.2.4.jar;C:\Users\Abeld\.m2\repository\com\itextpdf\io\7.2.4\io-7.2.4.jar;C:\Users\Abeld\.m2\repository\com\itextpdf\commons\7.2.4\commons-7.2.4.jar;C:\Users\Abeld\.m2\repository\com\itextpdf\kernel\7.2.4\kernel-7.2.4.jar;C:\Users\Abeld\.m2\repository\org\bouncycastle\bcpkix-jdk15on\1.70\bcpkix-jdk15on-1.70.jar;C:\Users\Abeld\.m2\repository\org\bouncycastle\bcutil-jdk15on\1.70\bcutil-jdk15on-1.70.jar;C:\Users\Abeld\.m2\repository\org\bouncycastle\bcprov-jdk15on\1.70\bcprov-jdk15on-1.70.jar;C:\Users\Abeld\.m2\repository\com\itextpdf\layout\7.2.4\layout-7.2.4.jar;C:\Users\Abeld\.m2\repository\com\itextpdf\pdfa\7.2.4\pdfa-7.2.4.jar;C:\Users\Abeld\.m2\repository\com\itextpdf\sign\7.2.4\sign-7.2.4.jar;C:\Users\Abeld\.m2\repository\com\itextpdf\styled-xml-parser\7.2.4\styled-xml-parser-7.2.4.jar;C:\Users\Abeld\.m2\repository\com\itextpdf\svg\7.2.4\svg-7.2.4.jar;C:\Users\Abeld\.m2\repository\org\xerial\sqlite-jdbc\3.39.2.0\sqlite-jdbc-3.39.2.0.jar;"/>
    <property name="sun.cpu.endian" value="little"/>
    <property name="user.home" value="C:\Users\Abeld"/>
    <property name="user.language" value="es"/>
    <property name="java.specification.vendor" value="Oracle Corporation"/>
    <property name="java.version.date" value="2022-09-20"/>
    <property name="java.home" value="C:\Program Files\Java\jdk-19"/>
    <property name="file.separator" value="\"/>
    <property name="basedir" value="C:\Users\Abeld\Desktop\finaLP"/>
    <property name="java.vm.compressedOopsMode" value="32-bit"/>
    <property name="line.separator" value="&#10;"/>
    <property name="java.vm.specification.vendor" value="Oracle Corporation"/>
    <property name="java.specification.name" value="Java Platform API Specification"/>
    <property name="surefire.real.class.path" value="C:\Users\Abeld\AppData\Local\Temp\surefire11113415042600534909\surefirebooter11437759063738219589.jar"/>
    <property name="user.script" value=""/>
    <property name="sun.management.compiler" value="HotSpot 64-Bit Tiered Compilers"/>
    <property name="java.runtime.version" value="19+36-2238"/>
    <property name="user.name" value="Abeld"/>
    <property name="stdout.encoding" value="Cp1252"/>
    <property name="path.separator" value=";"/>
    <property name="os.version" value="10.0"/>
    <property name="java.runtime.name" value="Java(TM) SE Runtime Environment"/>
    <property name="file.encoding" value="UTF-8"/>
    <property name="java.vm.name" value="Java HotSpot(TM) 64-Bit Server VM"/>
    <property name="maven.ext.class.path" value="C:\Program Files\NetBeans-15\netbeans\java\maven-nblib\netbeans-eventspy.jar"/>
    <property name="localRepository" value="C:\Users\Abeld\.m2\repository"/>
    <property name="java.vendor.url.bug" value="https://bugreport.java.com/bugreport/"/>
    <property name="java.io.tmpdir" value="C:\Users\Abeld\AppData\Local\Temp\"/>
    <property name="java.version" value="19"/>
    <property name="user.dir" value="C:\Users\Abeld\Desktop\finaLP"/>
    <property name="os.arch" value="amd64"/>
    <property name="java.vm.specification.name" value="Java Virtual Machine Specification"/>
    <property name="sun.os.patch.level" value=""/>
    <property name="native.encoding" value="Cp1252"/>
    <property name="java.library.path" value="C:\Program Files\Java\jdk-19\bin;C:\Windows\Sun\Java\bin;C:\Windows\system32;C:\Windows;C:\Program Files\Common Files\Oracle\Java\javapath;C:\Program Files (x86)\Common Files\Oracle\Java\javapath;C:\Program Files\Java\jdk1.8.0_333\bin;C:\Windows\system32;C:\Windows;C:\Windows\System32\Wbem;C:\Windows\System32\WindowsPowerShell\v1.0\;C:\Windows\System32\OpenSSH\;C:\MinGW\bin;C:\Program Files (x86)\dotnet\;C:\Program Files\Git\cmd;C:\Program Files\Azure Data Studio\bin;C:\Program Files\Microsoft SQL Server\Client SDK\ODBC\170\Tools\Binn\;C:\Program Files (x86)\Microsoft SQL Server\150\Tools\Binn\;C:\Program Files\Microsoft SQL Server\150\Tools\Binn\;C:\Program Files\Microsoft SQL Server\150\DTS\Binn\;C:\Program Files (x86)\Microsoft SQL Server\150\DTS\Binn\;C:\Users\Abeld\AppData\Local\Programs\Python\Python38\Scripts\;C:\Users\Abeld\AppData\Local\Programs\Python\Python38\;C:\Users\Abeld\AppData\Local\Programs\Python\Launcher\;C:\Users\Abeld\AppData\Local\Microsoft\WindowsApps;C:\Program Files\JetBrains\PyCharm Community Edition 2021.3.2\bin;;C:\Users\Abeld\AppData\Local\Programs\Microsoft VS Code\bin;C:\Users\Abeld\AppData\Local\GitHubDesktop\bin;C:\Program Files\Azure Data Studio\bin;."/>
    <property name="java.vm.info" value="mixed mode, sharing"/>
    <property name="stderr.encoding" value="Cp1252"/>
    <property name="java.vendor" value="Oracle Corporation"/>
    <property name="java.vm.version" value="19+36-2238"/>
    <property name="sun.io.unicode.encoding" value="UnicodeLittle"/>
    <property name="java.class.version" value="63.0"/>
  </properties>
  <testcase name="shouldAnswerWithTrue" classname="src.AppTest" time="0.01"/>
</testsuite>